<?xml version="1.0" encoding="UTF-8"?>
<!-- Generated by org.testng.reporters.JUnitReportReporter -->
<testsuite skipped="0" hostname="Jamila" name="pom.softaculous" tests="1" failures="0" timestamp="08 Jul 2018 19:55:45 GMT" time="10.604" errors="0">
  <testcase name="loginBtn" time="10.604" classname="pom.softaculous"/>
</testsuite> <!-- pom.softaculous -->
