<?xml version="1.0" encoding="UTF-8"?>
<!-- Generated by org.testng.reporters.JUnitReportReporter -->
<testsuite skipped="0" hostname="Jamila" name="assertions.Statista" tests="1" failures="0" timestamp="27 Jun 2018 02:52:17 GMT" time="21.984" errors="0">
  <testcase name="navigateTabs" time="21.984" classname="assertions.Statista"/>
</testsuite> <!-- assertions.Statista -->
