<?xml version="1.0" encoding="UTF-8"?>
<!-- Generated by org.testng.reporters.JUnitReportReporter -->
<testsuite skipped="0" hostname="Jamila" name="pageObjectModel.CybertekloanRunner" tests="1" failures="0" timestamp="13 Jul 2018 16:37:45 GMT" time="11.818" errors="0">
  <testcase name="personalInformationPage" time="11.818" classname="pageObjectModel.CybertekloanRunner"/>
</testsuite> <!-- pageObjectModel.CybertekloanRunner -->
