<?xml version="1.0" encoding="UTF-8"?>
<!-- Generated by org.testng.reporters.JUnitReportReporter -->
<testsuite skipped="0" hostname="Jamila" name="pageObjectModel.CTLPersonalPageRunner" tests="4" failures="0" timestamp="13 Jul 2018 16:41:18 GMT" time="41.384" errors="0">
  <testcase name="personalInfoPage" time="14.470" classname="pageObjectModel.CTLPersonalPageRunner"/>
  <testcase name="contactInfoPage" time="10.273" classname="pageObjectModel.CTLPersonalPageRunner"/>
  <testcase name="employmentInfoPage" time="6.794" classname="pageObjectModel.CTLPersonalPageRunner"/>
  <testcase name="financialInfoPage" time="9.847" classname="pageObjectModel.CTLPersonalPageRunner"/>
</testsuite> <!-- pageObjectModel.CTLPersonalPageRunner -->
